{"C:\\Users\\ACER\\Desktop\\VC exp 5\\src\\calculator.js": {"path":"C:\\Users\\ACER\\Desktop\\VC exp 5\\src\\calculator.js","statementMap":{"0":{"start":{"line":2,"column":15},"end":{"line":2,"column":32}},"1":{"start":{"line":23,"column":4},"end":{"line":37,"column":5}},"2":{"start":{"line":24,"column":8},"end":{"line":24,"column":33}},"3":{"start":{"line":26,"column":9},"end":{"line":37,"column":5}},"4":{"start":{"line":27,"column":8},"end":{"line":27,"column":33}},"5":{"start":{"line":29,"column":9},"end":{"line":37,"column":5}},"6":{"start":{"line":30,"column":8},"end":{"line":30,"column":33}},"7":{"start":{"line":32,"column":9},"end":{"line":37,"column":5}},"8":{"start":{"line":33,"column":8},"end":{"line":33,"column":33}},"9":{"start":{"line":36,"column":8},"end":{"line":36,"column":32}},"10":{"start":{"line":38,"column":4},"end":{"line":38,"column":18}},"11":{"start":{"line":42,"column":4},"end":{"line":42,"column":23}},"12":{"start":{"line":45,"column":4},"end":{"line":45,"column":23}},"13":{"start":{"line":48,"column":4},"end":{"line":48,"column":23}},"14":{"start":{"line":51,"column":4},"end":{"line":51,"column":23}},"15":{"start":{"line":54,"column":0},"end":{"line":54,"column":39}},"16":{"start":{"line":56,"column":0},"end":{"line":56,"column":25}},"17":{"start":{"line":57,"column":0},"end":{"line":57,"column":25}},"18":{"start":{"line":58,"column":0},"end":{"line":58,"column":25}},"19":{"start":{"line":59,"column":0},"end":{"line":59,"column":25}}},"fnMap":{"0":{"name":"calculator","decl":{"start":{"line":21,"column":9},"end":{"line":21,"column":19}},"loc":{"start":{"line":21,"column":41},"end":{"line":39,"column":1}},"line":21},"1":{"name":"add","decl":{"start":{"line":41,"column":9},"end":{"line":41,"column":12}},"loc":{"start":{"line":41,"column":24},"end":{"line":43,"column":1}},"line":41},"2":{"name":"sub","decl":{"start":{"line":44,"column":9},"end":{"line":44,"column":12}},"loc":{"start":{"line":44,"column":24},"end":{"line":46,"column":1}},"line":44},"3":{"name":"mul","decl":{"start":{"line":47,"column":9},"end":{"line":47,"column":12}},"loc":{"start":{"line":47,"column":24},"end":{"line":49,"column":1}},"line":47},"4":{"name":"div","decl":{"start":{"line":50,"column":9},"end":{"line":50,"column":12}},"loc":{"start":{"line":50,"column":24},"end":{"line":52,"column":1}},"line":50}},"branchMap":{"0":{"loc":{"start":{"line":23,"column":4},"end":{"line":37,"column":5}},"type":"if","locations":[{"start":{"line":23,"column":4},"end":{"line":37,"column":5}},{"start":{"line":26,"column":9},"end":{"line":37,"column":5}}],"line":23},"1":{"loc":{"start":{"line":26,"column":9},"end":{"line":37,"column":5}},"type":"if","locations":[{"start":{"line":26,"column":9},"end":{"line":37,"column":5}},{"start":{"line":29,"column":9},"end":{"line":37,"column":5}}],"line":26},"2":{"loc":{"start":{"line":29,"column":9},"end":{"line":37,"column":5}},"type":"if","locations":[{"start":{"line":29,"column":9},"end":{"line":37,"column":5}},{"start":{"line":32,"column":9},"end":{"line":37,"column":5}}],"line":29},"3":{"loc":{"start":{"line":32,"column":9},"end":{"line":37,"column":5}},"type":"if","locations":[{"start":{"line":32,"column":9},"end":{"line":37,"column":5}},{"start":{"line":34,"column":9},"end":{"line":37,"column":5}}],"line":32}},"s":{"0":1,"1":5,"2":1,"3":4,"4":1,"5":3,"6":1,"7":2,"8":1,"9":1,"10":4,"11":2,"12":2,"13":2,"14":2,"15":1,"16":1,"17":1,"18":1,"19":1},"f":{"0":5,"1":2,"2":2,"3":2,"4":2},"b":{"0":[1,4],"1":[1,3],"2":[1,2],"3":[1,1]},"_coverageSchema":"1a1c01bbd47fc00a2c39e90264f33305004495a9","hash":"829b9240ee24384f6add17196a5bacc88bf7b1bc"}
}
